2014-12-24 08:46:00.713 [notice] <0.345.0>@boss_web_controller_handle_request:handle_request:23 ApplicationForPath evidi
2014-12-24 08:46:00.848 [info] <0.263.0> Loading routes from "/home/cuci/prostii/evidi/priv/evidi.routes" ....
2014-12-24 08:46:00.942 [info] <0.263.0>@boss_router_controller:route:171 Boss Route evidi "pacient" "lista" []
2014-12-24 08:46:01.098 [info] <0.345.0>@boss_controller_compiler:compile:59 Compile controller /home/cuci/prostii/evidi/src/controller/evidi_pacient_controller.erl
2014-12-24 08:46:01.101 [notice] <0.345.0>@boss_compiler:compile:47 Compile file "/home/cuci/prostii/evidi/src/controller/evidi_pacient_controller.erl" with options [debug_info,{pre_revert_transform,#Fun<boss_controller_compiler.add_routes_to_forms.1>},{out_dir,undefined},{include_dirs,["/home/cuci/prostii/evidi/include"]},{compiler_options,[{parse_transform,lager_transform},return_errors]}] 
2014-12-24 08:46:01.652 [notice] <0.345.0>@boss_controller_adapter_pmod:action:91 Request Method 'GET'
2014-12-24 08:46:01.652 [notice] <0.345.0>@boss_controller_adapter_pmod:action:92 Tokens []
2014-12-24 08:46:01.947 [info] <0.345.0> GET / [evidi] 200 0ms
2014-12-24 08:46:02.817 [notice] <0.350.0>@boss_web_controller_handle_request:handle_request:23 ApplicationForPath evidi
2014-12-24 08:50:51.809 [notice] <0.354.0>@boss_web_controller_handle_request:handle_request:23 ApplicationForPath evidi
2014-12-24 08:50:51.822 [info] <0.263.0> Loading routes from "/home/cuci/prostii/evidi/priv/evidi.routes" ....
2014-12-24 08:50:51.823 [info] <0.263.0>@boss_router_controller:route:171 Boss Route evidi "pacient" "lista" []
2014-12-24 08:50:51.841 [notice] <0.354.0>@boss_controller_adapter_pmod:action:91 Request Method 'GET'
2014-12-24 08:50:51.841 [notice] <0.354.0>@boss_controller_adapter_pmod:action:92 Tokens []
2014-12-24 08:50:52.080 [info] <0.354.0> GET / [evidi] 200 0ms
2014-12-24 09:38:56.228 [notice] <0.362.0>@boss_web_controller_handle_request:handle_request:23 ApplicationForPath evidi
2014-12-24 09:38:56.269 [info] <0.263.0> Loading routes from "/home/cuci/prostii/evidi/priv/evidi.routes" ....
2014-12-24 09:38:56.304 [info] <0.263.0>@boss_router_controller:route:171 Boss Route evidi "pacient" "lista" []
2014-12-24 09:38:56.335 [notice] <0.362.0>@boss_controller_adapter_pmod:action:91 Request Method 'GET'
2014-12-24 09:38:56.335 [notice] <0.362.0>@boss_controller_adapter_pmod:action:92 Tokens []
2014-12-24 09:38:56.364 [info] <0.362.0> GET / [evidi] 200 0ms
2014-12-24 09:39:46.482 [notice] <0.364.0>@boss_web_controller_handle_request:handle_request:23 ApplicationForPath evidi
2014-12-24 09:39:46.516 [info] <0.263.0> Loading routes from "/home/cuci/prostii/evidi/priv/evidi.routes" ....
2014-12-24 09:39:46.528 [info] <0.263.0>@boss_router_controller:route:171 Boss Route evidi "pacient" "lista" []
2014-12-24 09:39:46.552 [notice] <0.364.0>@boss_controller_adapter_pmod:action:91 Request Method 'GET'
2014-12-24 09:39:46.552 [notice] <0.364.0>@boss_controller_adapter_pmod:action:92 Tokens []
2014-12-24 09:39:46.599 [info] <0.364.0> GET / [evidi] 200 0ms
2014-12-24 09:39:47.480 [notice] <0.366.0>@boss_web_controller_handle_request:handle_request:23 ApplicationForPath evidi
2014-12-24 09:39:47.481 [info] <0.263.0> Loading routes from "/home/cuci/prostii/evidi/priv/evidi.routes" ....
2014-12-24 09:39:47.482 [info] <0.263.0>@boss_router_controller:route:171 Boss Route evidi "pacient" "lista" []
2014-12-24 09:39:47.485 [notice] <0.366.0>@boss_controller_adapter_pmod:action:91 Request Method 'GET'
2014-12-24 09:39:47.485 [notice] <0.366.0>@boss_controller_adapter_pmod:action:92 Tokens []
2014-12-24 09:39:47.490 [info] <0.366.0> GET / [evidi] 200 0ms
2014-12-24 09:40:13.005 [notice] <0.372.0>@boss_web_controller_handle_request:handle_request:23 ApplicationForPath evidi
2014-12-24 09:40:13.006 [info] <0.263.0> Loading routes from "/home/cuci/prostii/evidi/priv/evidi.routes" ....
2014-12-24 09:40:13.007 [info] <0.263.0>@boss_router_controller:route:171 Boss Route evidi "pacient" "lista" []
2014-12-24 09:40:13.053 [notice] <0.372.0>@boss_controller_adapter_pmod:action:91 Request Method 'GET'
2014-12-24 09:40:13.053 [notice] <0.372.0>@boss_controller_adapter_pmod:action:92 Tokens []
2014-12-24 09:40:13.315 [info] <0.372.0> GET / [evidi] 200 0ms
2014-12-24 09:40:14.064 [notice] <0.375.0>@boss_web_controller_handle_request:handle_request:23 ApplicationForPath evidi
2014-12-24 09:40:14.065 [info] <0.263.0> Loading routes from "/home/cuci/prostii/evidi/priv/evidi.routes" ....
2014-12-24 09:40:14.066 [info] <0.263.0>@boss_router_controller:route:171 Boss Route evidi "pacient" "lista" []
2014-12-24 09:40:14.069 [notice] <0.375.0>@boss_controller_adapter_pmod:action:91 Request Method 'GET'
2014-12-24 09:40:14.069 [notice] <0.375.0>@boss_controller_adapter_pmod:action:92 Tokens []
2014-12-24 09:40:14.092 [info] <0.375.0> GET / [evidi] 200 0ms
2014-12-24 09:41:19.436 [notice] <0.381.0>@boss_web_controller_handle_request:handle_request:23 ApplicationForPath evidi
2014-12-24 09:41:19.436 [info] <0.263.0> Loading routes from "/home/cuci/prostii/evidi/priv/evidi.routes" ....
2014-12-24 09:41:19.437 [info] <0.263.0>@boss_router_controller:route:171 Boss Route evidi "pacient" "lista" []
2014-12-24 09:41:19.439 [notice] <0.381.0>@boss_controller_adapter_pmod:action:91 Request Method 'GET'
2014-12-24 09:41:19.439 [notice] <0.381.0>@boss_controller_adapter_pmod:action:92 Tokens []
2014-12-24 09:41:19.619 [info] <0.381.0> GET / [evidi] 200 0ms
2014-12-24 09:41:20.334 [notice] <0.384.0>@boss_web_controller_handle_request:handle_request:23 ApplicationForPath evidi
2014-12-24 09:41:20.334 [info] <0.263.0> Loading routes from "/home/cuci/prostii/evidi/priv/evidi.routes" ....
2014-12-24 09:41:20.335 [info] <0.263.0>@boss_router_controller:route:171 Boss Route evidi "pacient" "lista" []
2014-12-24 09:41:20.337 [notice] <0.384.0>@boss_controller_adapter_pmod:action:91 Request Method 'GET'
2014-12-24 09:41:20.337 [notice] <0.384.0>@boss_controller_adapter_pmod:action:92 Tokens []
2014-12-24 09:41:20.339 [info] <0.384.0> GET / [evidi] 200 0ms
2014-12-24 09:43:37.701 [notice] <0.390.0>@boss_web_controller_handle_request:handle_request:23 ApplicationForPath evidi
2014-12-24 09:43:37.702 [info] <0.263.0> Loading routes from "/home/cuci/prostii/evidi/priv/evidi.routes" ....
2014-12-24 09:43:37.702 [info] <0.263.0>@boss_router_controller:route:171 Boss Route evidi "pacient" "lista" []
2014-12-24 09:43:37.705 [notice] <0.390.0>@boss_controller_adapter_pmod:action:91 Request Method 'GET'
2014-12-24 09:43:37.706 [notice] <0.390.0>@boss_controller_adapter_pmod:action:92 Tokens []
2014-12-24 09:43:37.874 [info] <0.390.0> GET / [evidi] 200 0ms
2014-12-24 09:43:38.737 [notice] <0.396.0>@boss_web_controller_handle_request:handle_request:23 ApplicationForPath evidi
2014-12-24 09:43:38.738 [info] <0.263.0> Loading routes from "/home/cuci/prostii/evidi/priv/evidi.routes" ....
2014-12-24 09:43:38.739 [info] <0.263.0>@boss_router_controller:route:171 Boss Route evidi "pacient" "lista" []
2014-12-24 09:43:38.742 [notice] <0.396.0>@boss_controller_adapter_pmod:action:91 Request Method 'GET'
2014-12-24 09:43:38.742 [notice] <0.396.0>@boss_controller_adapter_pmod:action:92 Tokens []
2014-12-24 09:43:38.744 [info] <0.396.0> GET / [evidi] 200 0ms
2014-12-24 09:43:50.382 [notice] <0.399.0>@boss_web_controller_handle_request:handle_request:23 ApplicationForPath evidi
2014-12-24 09:43:50.382 [info] <0.263.0> Loading routes from "/home/cuci/prostii/evidi/priv/evidi.routes" ....
2014-12-24 09:43:50.385 [notice] <0.399.0>@boss_controller_adapter_pmod:action:91 Request Method 'GET'
2014-12-24 09:43:50.385 [notice] <0.399.0>@boss_controller_adapter_pmod:action:92 Tokens ["*888*"]
2014-12-24 09:43:50.434 [info] <0.399.0> GET /pacient/cautaCnp/*888* [evidi] 200 0ms
