2015-05-04 15:23:08.769 [error] <0.95.0>@boss_load:compile_and_accumulate_errors:258 Compile Error, "src/lib/sax_adrese.erl" -> [{"/home/cuci/prostii/evidi/src/lib/sax_adrese.erl",[{{string,{7,14},"cim.hrl"},erl_parse,["syntax error before: ","macro_include_lib"]}]}]
2015-05-04 15:23:08.874 [error] <0.95.0>@boss_load:compile_and_accumulate_errors:258 Compile Error, "src/lib/sax2.erl" -> [{"/home/cuci/prostii/evidi/src/lib/sax2.erl",[{{string,{5,14},"cim.hrl"},erl_parse,["syntax error before: ","macro_include_lib"]}]}]
2015-05-04 15:23:09.172 [error] <0.95.0>@boss_load:make_all_modules:88 Load Module Error lib_modules : [[{"/home/cuci/prostii/evidi/src/lib/sax2.erl",[{{string,{5,14},"cim.hrl"},erl_parse,["syntax error before: ","macro_include_lib"]}]}],[{"/home/cuci/prostii/evidi/src/lib/sax_adrese.erl",[{{string,{7,14},"cim.hrl"},erl_parse,["syntax error before: ","macro_include_lib"]}]}]]
2015-05-04 15:23:09.807 [error] <0.95.0>@boss_load:compile_and_accumulate_errors:258 Compile Error, "src/model/adresa.erl" -> [{"/home/cuci/prostii/evidi/src/model/adresa.erl",[{4,erl_parse,"bad attribute"},{5,erl_parse,"bad attribute"},{6,erl_parse,"bad attribute"},{7,erl_parse,"bad attribute"}]}]
2015-05-04 15:23:10.033 [error] <0.95.0>@boss_load:make_all_modules:88 Load Module Error model_modules : [[{"/home/cuci/prostii/evidi/src/model/adresa.erl",[{4,erl_parse,"bad attribute"},{5,erl_parse,"bad attribute"},{6,erl_parse,"bad attribute"},{7,erl_parse,"bad attribute"}]}]]
2015-05-04 15:25:37.873 [error] <0.115.0> Supervisor {<0.115.0>,poolboy_sup} had child boss_session_controller started with boss_session_controller:start_link([{name,{local,boss_session_pool}},{worker_module,boss_session_controller},{size,20},{max_overflow,...},...]) at undefined exit with reason shutdown in context shutdown_error
2015-05-04 15:25:41.844 [error] <0.95.0>@boss_load:compile_and_accumulate_errors:258 Compile Error, "src/lib/sax_adrese.erl" -> [{"/home/cuci/prostii/evidi/src/lib/sax_adrese.erl",[{{string,{7,14},"cim.hrl"},erl_parse,["syntax error before: ","macro_include_lib"]}]}]
2015-05-04 15:25:41.967 [error] <0.95.0>@boss_load:compile_and_accumulate_errors:258 Compile Error, "src/lib/sax2.erl" -> [{"/home/cuci/prostii/evidi/src/lib/sax2.erl",[{{string,{5,14},"cim.hrl"},erl_parse,["syntax error before: ","macro_include_lib"]}]}]
2015-05-04 15:25:42.139 [error] <0.95.0>@boss_load:make_all_modules:88 Load Module Error lib_modules : [[{"/home/cuci/prostii/evidi/src/lib/sax2.erl",[{{string,{5,14},"cim.hrl"},erl_parse,["syntax error before: ","macro_include_lib"]}]}],[{"/home/cuci/prostii/evidi/src/lib/sax_adrese.erl",[{{string,{7,14},"cim.hrl"},erl_parse,["syntax error before: ","macro_include_lib"]}]}]]
2015-05-04 15:25:42.788 [error] <0.95.0>@boss_load:compile_and_accumulate_errors:258 Compile Error, "src/model/adresa.erl" -> [{"/home/cuci/prostii/evidi/src/model/adresa.erl",[{4,erl_parse,"bad attribute"},{5,erl_parse,"bad attribute"},{6,erl_parse,"bad attribute"},{7,erl_parse,"bad attribute"}]}]
2015-05-04 15:25:43.054 [error] <0.95.0>@boss_load:make_all_modules:88 Load Module Error model_modules : [[{"/home/cuci/prostii/evidi/src/model/adresa.erl",[{4,erl_parse,"bad attribute"},{5,erl_parse,"bad attribute"},{6,erl_parse,"bad attribute"},{7,erl_parse,"bad attribute"}]}]]
2015-05-04 15:27:24.836 [error] <0.319.0>@boss_load:compile_and_accumulate_errors:258 Compile Error, "src/lib/sax_adrese.erl" -> [{"/home/cuci/prostii/evidi/src/lib/sax_adrese.erl",[{{string,{7,14},"cim.hrl"},erl_parse,["syntax error before: ","macro_include_lib"]}]}]
2015-05-04 15:27:24.943 [error] <0.319.0>@boss_load:compile_and_accumulate_errors:258 Compile Error, "src/lib/sax2.erl" -> [{"/home/cuci/prostii/evidi/src/lib/sax2.erl",[{{string,{5,14},"cim.hrl"},erl_parse,["syntax error before: ","macro_include_lib"]}]}]
2015-05-04 15:28:05.946 [error] <0.323.0>@boss_load:compile_and_accumulate_errors:258 Compile Error, "src/model/adresa.erl" -> [{"/home/cuci/prostii/evidi/src/model/adresa.erl",[{4,erl_parse,"bad attribute"},{5,erl_parse,"bad attribute"},{6,erl_parse,"bad attribute"},{7,erl_parse,"bad attribute"}]}]
2015-05-04 15:28:09.133 [error] <0.115.0> Supervisor {<0.115.0>,poolboy_sup} had child boss_session_controller started with boss_session_controller:start_link([{name,{local,boss_session_pool}},{worker_module,boss_session_controller},{size,20},{max_overflow,...},...]) at undefined exit with reason shutdown in context shutdown_error
2015-05-04 15:28:14.075 [error] <0.95.0>@boss_load:compile_and_accumulate_errors:258 Compile Error, "src/model/adresa.erl" -> [{"/home/cuci/prostii/evidi/src/model/adresa.erl",[{4,erl_parse,"bad attribute"},{5,erl_parse,"bad attribute"},{6,erl_parse,"bad attribute"},{7,erl_parse,"bad attribute"}]}]
2015-05-04 15:28:14.307 [error] <0.95.0>@boss_load:make_all_modules:88 Load Module Error model_modules : [[{"/home/cuci/prostii/evidi/src/model/adresa.erl",[{4,erl_parse,"bad attribute"},{5,erl_parse,"bad attribute"},{6,erl_parse,"bad attribute"},{7,erl_parse,"bad attribute"}]}]]
2015-05-04 15:42:45.066 [error] <0.115.0> Supervisor {<0.115.0>,poolboy_sup} had child boss_session_controller started with boss_session_controller:start_link([{name,{local,boss_session_pool}},{worker_module,boss_session_controller},{size,20},{max_overflow,...},...]) at undefined exit with reason shutdown in context shutdown_error
2015-05-04 15:42:50.462 [error] <0.95.0>@boss_load:compile_and_accumulate_errors:258 Compile Error, "src/model/adresa.erl" -> [{"/home/cuci/prostii/evidi/src/model/adresa.erl",[{4,erl_parse,"bad attribute"},{5,erl_parse,"bad attribute"},{6,erl_parse,"bad attribute"},{7,erl_parse,"bad attribute"}]}]
2015-05-04 15:42:50.703 [error] <0.95.0>@boss_load:make_all_modules:88 Load Module Error model_modules : [[{"/home/cuci/prostii/evidi/src/model/adresa.erl",[{4,erl_parse,"bad attribute"},{5,erl_parse,"bad attribute"},{6,erl_parse,"bad attribute"},{7,erl_parse,"bad attribute"}]}]]
2015-05-04 15:43:34.218 [error] <0.321.0> GET /adresa/getCountries [evidi] 404 0ms
